\BOOKMARK [0][-]{dummy.1}{\376\377\000D\000e\000c\000l\000a\000r\000a\000t\000i\000o\000n\000\040\000o\000f\000\040\000A\000u\000t\000h\000o\000r\000s\000h\000i\000p}{}% 1
\BOOKMARK [0][-]{dummy.2}{\376\377\000A\000b\000s\000t\000r\000a\000c\000t}{}% 2
\BOOKMARK [0][-]{dummy.3}{\376\377\000A\000c\000k\000n\000o\000w\000l\000e\000d\000g\000e\000m\000e\000n\000t\000s}{}% 3
\BOOKMARK [0][-]{dummy.5}{\376\377\000L\000i\000s\000t\000\040\000o\000f\000\040\000F\000i\000g\000u\000r\000e\000s}{}% 4
\BOOKMARK [0][-]{dummy.7}{\376\377\000L\000i\000s\000t\000\040\000o\000f\000\040\000T\000a\000b\000l\000e\000s}{}% 5
\BOOKMARK [0][-]{dummy.9}{\376\377\000A\000b\000b\000r\000e\000v\000i\000a\000t\000i\000o\000n\000s}{}% 6
\BOOKMARK [0][-]{dummy.12}{\376\377\000P\000h\000y\000s\000i\000c\000a\000l\000\040\000C\000o\000n\000s\000t\000a\000n\000t\000s}{}% 7
\BOOKMARK [0][-]{dummy.15}{\376\377\000S\000y\000m\000b\000o\000l\000s}{}% 8
\BOOKMARK [0][-]{chapter.18}{\376\377\0001\000\040\000I\000n\000t\000r\000o\000d\000u\000c\000t\000i\000o\000n}{}% 9
\BOOKMARK [1][-]{section.19}{\376\377\0001\000.\0001\000\040\000A\000\040\000S\000e\000c\000t\000i\000o\000n}{chapter.18}% 10
\BOOKMARK [2][-]{subsection.20}{\376\377\0001\000.\0001\000.\0001\000\040\000A\000\040\000S\000u\000b\000s\000e\000c\000t\000i\000o\000n}{section.19}% 11
\BOOKMARK [1][-]{section.21}{\376\377\0001\000.\0002\000\040\000A\000n\000o\000t\000h\000e\000r\000\040\000S\000e\000c\000t\000i\000o\000n}{chapter.18}% 12
\BOOKMARK [0][-]{chapter.22}{\376\377\0002\000\040\000P\000R\000O\000B\000L\000E\000M\000\040\000S\000T\000A\000T\000E\000M\000E\000N\000T}{}% 13
\BOOKMARK [1][-]{section.23}{\376\377\0002\000.\0001\000\040\000A\000\040\000S\000e\000c\000t\000i\000o\000n}{chapter.22}% 14
\BOOKMARK [2][-]{subsection.24}{\376\377\0002\000.\0001\000.\0001\000\040\000A\000\040\000S\000u\000b\000s\000e\000c\000t\000i\000o\000n}{section.23}% 15
\BOOKMARK [1][-]{section.25}{\376\377\0002\000.\0002\000\040\000A\000n\000o\000t\000h\000e\000r\000\040\000S\000e\000c\000t\000i\000o\000n}{chapter.22}% 16
\BOOKMARK [0][-]{chapter.26}{\376\377\0003\000\040\000S\000O\000L\000U\000T\000I\000O\000N\000\040\000A\000P\000P\000R\000O\000A\000C\000H}{}% 17
\BOOKMARK [1][-]{subsection.27}{\376\377\0003\000.\0000\000.\0001\000\040\000I\000C\000M\000P\000\040\000E\000x\000t\000e\000n\000s\000i\000o\000n}{chapter.26}% 18
\BOOKMARK [2][-]{subsection.31}{\376\377\0003\000.\0000\000.\0002\000\040\000G\000o\000s\000s\000i\000p\000\040\000P\000r\000o\000t\000o\000c\000o\000l}{subsection.27}% 19
\BOOKMARK [2][-]{subsection.33}{\376\377\0003\000.\0000\000.\0003\000\040\000G\000a\000t\000h\000e\000r\000i\000n\000g\000\040\000S\000i\000m\000u\000l\000a\000t\000i\000o\000n\000\040\000D\000a\000t\000a}{subsection.27}% 20
\BOOKMARK [1][-]{section.35}{\376\377\0003\000.\0001\000\040\000A\000\040\000S\000e\000c\000t\000i\000o\000n}{chapter.26}% 21
\BOOKMARK [2][-]{subsection.36}{\376\377\0003\000.\0001\000.\0001\000\040\000A\000\040\000S\000u\000b\000s\000e\000c\000t\000i\000o\000n}{section.35}% 22
\BOOKMARK [1][-]{section.37}{\376\377\0003\000.\0002\000\040\000A\000n\000o\000t\000h\000e\000r\000\040\000S\000e\000c\000t\000i\000o\000n}{chapter.26}% 23
\BOOKMARK [0][-]{chapter.38}{\376\377\0004\000\040\000P\000E\000R\000F\000O\000R\000M\000A\000N\000C\000E\000\040\000E\000V\000A\000L\000U\000A\000T\000I\000O\000N}{}% 24
\BOOKMARK [1][-]{section.39}{\376\377\0004\000.\0001\000\040\000A\000\040\000S\000e\000c\000t\000i\000o\000n}{chapter.38}% 25
\BOOKMARK [2][-]{subsection.40}{\376\377\0004\000.\0001\000.\0001\000\040\000A\000\040\000S\000u\000b\000s\000e\000c\000t\000i\000o\000n}{section.39}% 26
\BOOKMARK [1][-]{section.41}{\376\377\0004\000.\0002\000\040\000A\000n\000o\000t\000h\000e\000r\000\040\000S\000e\000c\000t\000i\000o\000n}{chapter.38}% 27
\BOOKMARK [0][-]{chapter.42}{\376\377\0005\000\040\000P\000R\000E\000V\000I\000O\000U\000S\000\040\000W\000O\000R\000K}{}% 28
\BOOKMARK [1][-]{subsection.43}{\376\377\0005\000.\0000\000.\0001\000\040\000V\000i\000r\000t\000u\000a\000l\000\040\000S\000e\000n\000s\000o\000r\000\040\000N\000e\000t\000w\000o\000r\000k\000s}{chapter.42}% 29
\BOOKMARK [2][-]{subsection.44}{\376\377\0005\000.\0000\000.\0002\000\040\000V\000i\000r\000t\000u\000a\000l\000\040\000N\000e\000t\000w\000o\000r\000k\000s\000\040\000o\000n\000\040\000T\000o\000p\000\040\000o\000f\000\040\000t\000h\000e\000\040\000I\000n\000t\000e\000r\000n\000e\000t}{subsection.43}% 30
\BOOKMARK [2][-]{subsection.45}{\376\377\0005\000.\0000\000.\0003\000\040\000V\000i\000r\000t\000u\000a\000l\000i\000z\000a\000t\000i\000o\000n\000\040\000A\000l\000g\000o\000r\000i\000t\000h\000m}{subsection.43}% 31
\BOOKMARK [1][-]{section.46}{\376\377\0005\000.\0001\000\040\000A\000\040\000S\000e\000c\000t\000i\000o\000n}{chapter.42}% 32
\BOOKMARK [2][-]{subsection.47}{\376\377\0005\000.\0001\000.\0001\000\040\000A\000\040\000S\000u\000b\000s\000e\000c\000t\000i\000o\000n}{section.46}% 33
\BOOKMARK [1][-]{section.48}{\376\377\0005\000.\0002\000\040\000A\000n\000o\000t\000h\000e\000r\000\040\000S\000e\000c\000t\000i\000o\000n}{chapter.42}% 34
\BOOKMARK [0][-]{chapter.49}{\376\377\0006\000\040\000C\000O\000N\000C\000L\000U\000S\000I\000O\000N}{}% 35
\BOOKMARK [1][-]{section.50}{\376\377\0006\000.\0001\000\040\000A\000\040\000S\000e\000c\000t\000i\000o\000n}{chapter.49}% 36
\BOOKMARK [2][-]{subsection.51}{\376\377\0006\000.\0001\000.\0001\000\040\000A\000\040\000S\000u\000b\000s\000e\000c\000t\000i\000o\000n}{section.50}% 37
\BOOKMARK [1][-]{section.52}{\376\377\0006\000.\0002\000\040\000A\000n\000o\000t\000h\000e\000r\000\040\000S\000e\000c\000t\000i\000o\000n}{chapter.49}% 38
\BOOKMARK [0][-]{chapter.53}{\376\377\0007\000\040\000F\000U\000T\000U\000R\000E\000\040\000W\000O\000R\000K}{}% 39
\BOOKMARK [1][-]{section.54}{\376\377\0007\000.\0001\000\040\000A\000\040\000S\000e\000c\000t\000i\000o\000n}{chapter.53}% 40
\BOOKMARK [2][-]{subsection.55}{\376\377\0007\000.\0001\000.\0001\000\040\000A\000\040\000S\000u\000b\000s\000e\000c\000t\000i\000o\000n}{section.54}% 41
\BOOKMARK [1][-]{section.56}{\376\377\0007\000.\0002\000\040\000A\000n\000o\000t\000h\000e\000r\000\040\000S\000e\000c\000t\000i\000o\000n}{chapter.53}% 42
\BOOKMARK [0][-]{chapter.57}{\376\377\0008\000\040\000C\000o\000n\000t\000r\000i\000b\000u\000t\000i\000o\000n\000s}{}% 43
\BOOKMARK [1][-]{section.58}{\376\377\0008\000.\0001\000\040\000A\000\040\000S\000e\000c\000t\000i\000o\000n}{chapter.57}% 44
\BOOKMARK [2][-]{subsection.59}{\376\377\0008\000.\0001\000.\0001\000\040\000A\000\040\000S\000u\000b\000s\000e\000c\000t\000i\000o\000n}{section.58}% 45
\BOOKMARK [1][-]{section.60}{\376\377\0008\000.\0002\000\040\000A\000n\000o\000t\000h\000e\000r\000\040\000S\000e\000c\000t\000i\000o\000n}{chapter.57}% 46
\BOOKMARK [0][-]{appendix.61}{\376\377\000A\000\040\000A\000n\000\040\000A\000p\000p\000e\000n\000d\000i\000x}{}% 47
\BOOKMARK [0][-]{dummy.62}{\376\377\000B\000i\000b\000l\000i\000o\000g\000r\000a\000p\000h\000y}{}% 48
