\BOOKMARK [0][-]{dummy.1}{\376\377\000D\000e\000c\000l\000a\000r\000a\000t\000i\000o\000n\000\040\000o\000f\000\040\000A\000u\000t\000h\000o\000r\000s\000h\000i\000p}{}% 1
\BOOKMARK [0][-]{dummy.2}{\376\377\000A\000b\000s\000t\000r\000a\000c\000t}{}% 2
\BOOKMARK [0][-]{dummy.3}{\376\377\000A\000c\000k\000n\000o\000w\000l\000e\000d\000g\000e\000m\000e\000n\000t\000s}{}% 3
\BOOKMARK [0][-]{dummy.5}{\376\377\000L\000i\000s\000t\000\040\000o\000f\000\040\000F\000i\000g\000u\000r\000e\000s}{}% 4
\BOOKMARK [0][-]{dummy.7}{\376\377\000L\000i\000s\000t\000\040\000o\000f\000\040\000T\000a\000b\000l\000e\000s}{}% 5
\BOOKMARK [0][-]{dummy.9}{\376\377\000A\000b\000b\000r\000e\000v\000i\000a\000t\000i\000o\000n\000s}{}% 6
\BOOKMARK [0][-]{dummy.12}{\376\377\000P\000h\000y\000s\000i\000c\000a\000l\000\040\000C\000o\000n\000s\000t\000a\000n\000t\000s}{}% 7
\BOOKMARK [0][-]{dummy.15}{\376\377\000S\000y\000m\000b\000o\000l\000s}{}% 8
\BOOKMARK [0][-]{chapter.18}{\376\377\0001\000\040\000I\000n\000t\000r\000o\000d\000u\000c\000t\000i\000o\000n}{}% 9
\BOOKMARK [1][-]{section.19}{\376\377\0001\000.\0001\000\040\000A\000\040\000S\000e\000c\000t\000i\000o\000n}{chapter.18}% 10
\BOOKMARK [2][-]{subsection.20}{\376\377\0001\000.\0001\000.\0001\000\040\000A\000\040\000S\000u\000b\000s\000e\000c\000t\000i\000o\000n}{section.19}% 11
\BOOKMARK [1][-]{section.21}{\376\377\0001\000.\0002\000\040\000A\000n\000o\000t\000h\000e\000r\000\040\000S\000e\000c\000t\000i\000o\000n}{chapter.18}% 12
\BOOKMARK [0][-]{chapter.22}{\376\377\0002\000\040\000R\000e\000l\000a\000t\000e\000d\000\040\000W\000o\000r\000k}{}% 13
\BOOKMARK [1][-]{section.23}{\376\377\0002\000.\0001\000\040\000V\000i\000r\000t\000u\000a\000l\000\040\000S\000e\000n\000s\000o\000r\000\040\000N\000e\000t\000w\000o\000r\000k\000s}{chapter.22}% 14
\BOOKMARK [1][-]{section.24}{\376\377\0002\000.\0002\000\040\000V\000i\000r\000t\000u\000a\000l\000\040\000N\000e\000t\000w\000o\000r\000k\000s\000\040\000o\000n\000\040\000T\000o\000p\000\040\000o\000f\000\040\000t\000h\000e\000\040\000I\000n\000t\000e\000r\000n\000e\000t}{chapter.22}% 15
\BOOKMARK [1][-]{section.25}{\376\377\0002\000.\0003\000\040\000V\000i\000r\000t\000u\000a\000l\000i\000z\000a\000t\000i\000o\000n\000\040\000A\000l\000g\000o\000r\000i\000t\000h\000m}{chapter.22}% 16
\BOOKMARK [1][-]{section.26}{\376\377\0002\000.\0004\000\040\000A\000\040\000S\000e\000c\000t\000i\000o\000n}{chapter.22}% 17
\BOOKMARK [2][-]{subsection.27}{\376\377\0002\000.\0004\000.\0001\000\040\000A\000\040\000S\000u\000b\000s\000e\000c\000t\000i\000o\000n}{section.26}% 18
\BOOKMARK [1][-]{section.28}{\376\377\0002\000.\0005\000\040\000A\000n\000o\000t\000h\000e\000r\000\040\000S\000e\000c\000t\000i\000o\000n}{chapter.22}% 19
\BOOKMARK [0][-]{chapter.29}{\376\377\0003\000\040\000E\000n\000e\000r\000g\000y\000-\000a\000w\000a\000r\000e\000\040\000G\000o\000s\000s\000i\000p}{}% 20
\BOOKMARK [1][-]{section.30}{\376\377\0003\000.\0001\000\040\000C\000l\000a\000s\000s\000c\000i\000a\000l\000\040\000G\000o\000s\000s\000i\000p}{chapter.29}% 21
\BOOKMARK [2][-]{subsection.31}{\376\377\0003\000.\0001\000.\0001\000\040\000H\000o\000w\000\040\000i\000t\000\040\000w\000o\000r\000k\000s}{section.30}% 22
\BOOKMARK [2][-]{subsection.32}{\376\377\0003\000.\0001\000.\0002\000\040\000A\000l\000l\000\040\000P\000a\000r\000a\000m\000e\000t\000e\000r\000s}{section.30}% 23
\BOOKMARK [2][-]{subsection.33}{\376\377\0003\000.\0001\000.\0003\000\040\000D\000i\000f\000f\000e\000r\000e\000n\000t\000\040\000A\000p\000p\000r\000o\000a\000c\000h}{section.30}% 24
\BOOKMARK [1][-]{section.34}{\376\377\0003\000.\0002\000\040\000P\000r\000o\000p\000o\000s\000e\000d\000\040\000A\000d\000a\000p\000t\000i\000v\000e\000\040\000G\000o\000s\000s\000i\000p}{chapter.29}% 25
\BOOKMARK [2][-]{subsection.35}{\376\377\0003\000.\0002\000.\0001\000\040\000I\000n\000t\000u\000i\000t\000i\000o\000n}{section.34}% 26
\BOOKMARK [1][-]{section.36}{\376\377\0003\000.\0003\000\040\000K\000e\000y\000\040\000I\000n\000t\000u\000i\000t\000i\000o\000n\000\040\000o\000f\000\040\000O\000u\000r\000\040\000A\000p\000p\000r\000o\000a\000c\000h}{chapter.29}% 27
\BOOKMARK [1][-]{section.37}{\376\377\0003\000.\0004\000\040\000F\000r\000o\000m\000\040\000g\000o\000s\000s\000i\000p\000\040\000c\000o\000u\000r\000s\000e\000\040\000p\000a\000p\000e\000r}{chapter.29}% 28
\BOOKMARK [2][-]{subsection.38}{\376\377\0003\000.\0004\000.\0001\000\040\000I\000C\000M\000P\000\040\000E\000x\000t\000e\000n\000s\000i\000o\000n}{section.37}% 29
\BOOKMARK [2][-]{subsection.42}{\376\377\0003\000.\0004\000.\0002\000\040\000G\000o\000s\000s\000i\000p\000\040\000P\000r\000o\000t\000o\000c\000o\000l}{section.37}% 30
\BOOKMARK [2][-]{subsection.44}{\376\377\0003\000.\0004\000.\0003\000\040\000G\000a\000t\000h\000e\000r\000i\000n\000g\000\040\000S\000i\000m\000u\000l\000a\000t\000i\000o\000n\000\040\000D\000a\000t\000a}{section.37}% 31
\BOOKMARK [2][-]{subsection.46}{\376\377\0003\000.\0004\000.\0004\000\040\000A\000\040\000S\000u\000b\000s\000e\000c\000t\000i\000o\000n}{section.37}% 32
\BOOKMARK [1][-]{section.47}{\376\377\0003\000.\0005\000\040\000A\000n\000o\000t\000h\000e\000r\000\040\000S\000e\000c\000t\000i\000o\000n}{chapter.29}% 33
\BOOKMARK [0][-]{chapter.48}{\376\377\0004\000\040\000I\000m\000p\000l\000e\000m\000e\000n\000t\000a\000t\000i\000o\000n}{}% 34
\BOOKMARK [1][-]{section.49}{\376\377\0004\000.\0001\000\040\000A\000\040\000S\000e\000c\000t\000i\000o\000n}{chapter.48}% 35
\BOOKMARK [2][-]{subsection.50}{\376\377\0004\000.\0001\000.\0001\000\040\000A\000\040\000S\000u\000b\000s\000e\000c\000t\000i\000o\000n}{section.49}% 36
\BOOKMARK [1][-]{section.51}{\376\377\0004\000.\0002\000\040\000A\000n\000o\000t\000h\000e\000r\000\040\000S\000e\000c\000t\000i\000o\000n}{chapter.48}% 37
\BOOKMARK [0][-]{chapter.52}{\376\377\0005\000\040\000P\000e\000r\000f\000o\000r\000m\000a\000n\000c\000e\000\040\000E\000v\000a\000l\000u\000a\000t\000i\000o\000n}{}% 38
\BOOKMARK [1][-]{section.53}{\376\377\0005\000.\0001\000\040\000P\000e\000r\000f\000o\000r\000m\000a\000n\000c\000e\000\040\000M\000e\000t\000r\000i\000c\000s}{chapter.52}% 39
\BOOKMARK [1][-]{section.54}{\376\377\0005\000.\0002\000\040\000R\000e\000s\000u\000l\000t\000s\000\040\000A\000n\000a\000l\000y\000s\000i\000s}{chapter.52}% 40
\BOOKMARK [1][-]{section.55}{\376\377\0005\000.\0003\000\040\000A\000\040\000S\000e\000c\000t\000i\000o\000n}{chapter.52}% 41
\BOOKMARK [2][-]{subsection.56}{\376\377\0005\000.\0003\000.\0001\000\040\000A\000\040\000S\000u\000b\000s\000e\000c\000t\000i\000o\000n}{section.55}% 42
\BOOKMARK [1][-]{section.57}{\376\377\0005\000.\0004\000\040\000A\000n\000o\000t\000h\000e\000r\000\040\000S\000e\000c\000t\000i\000o\000n}{chapter.52}% 43
\BOOKMARK [0][-]{chapter.58}{\376\377\0006\000\040\000C\000o\000n\000c\000l\000u\000s\000i\000o\000n\000s\000\040\000a\000n\000d\000\040\000F\000u\000t\000u\000r\000e\000\040\000W\000o\000r\000k}{}% 44
\BOOKMARK [1][-]{section.59}{\376\377\0006\000.\0001\000\040\000A\000\040\000S\000e\000c\000t\000i\000o\000n}{chapter.58}% 45
\BOOKMARK [2][-]{subsection.60}{\376\377\0006\000.\0001\000.\0001\000\040\000A\000\040\000S\000u\000b\000s\000e\000c\000t\000i\000o\000n}{section.59}% 46
\BOOKMARK [0][-]{chapter.61}{\376\377\0007\000\040\000A\000\040\000c\000h\000a\000p\000t\000e\000r}{}% 47
\BOOKMARK [1][-]{section.62}{\376\377\0007\000.\0001\000\040\000A\000\040\000S\000e\000c\000t\000i\000o\000n}{chapter.61}% 48
\BOOKMARK [2][-]{subsection.63}{\376\377\0007\000.\0001\000.\0001\000\040\000A\000\040\000S\000u\000b\000s\000e\000c\000t\000i\000o\000n}{section.62}% 49
\BOOKMARK [1][-]{section.64}{\376\377\0007\000.\0002\000\040\000A\000n\000o\000t\000h\000e\000r\000\040\000S\000e\000c\000t\000i\000o\000n}{chapter.61}% 50
\BOOKMARK [0][-]{chapter.65}{\376\377\0008\000\040\000A\000\040\000c\000h\000a\000p\000t\000e\000r}{}% 51
\BOOKMARK [1][-]{section.66}{\376\377\0008\000.\0001\000\040\000A\000\040\000S\000e\000c\000t\000i\000o\000n}{chapter.65}% 52
\BOOKMARK [2][-]{subsection.67}{\376\377\0008\000.\0001\000.\0001\000\040\000A\000\040\000S\000u\000b\000s\000e\000c\000t\000i\000o\000n}{section.66}% 53
\BOOKMARK [0][-]{appendix.68}{\376\377\000A\000\040\000A\000n\000\040\000A\000p\000p\000e\000n\000d\000i\000x}{}% 54
\BOOKMARK [0][-]{dummy.69}{\376\377\000B\000i\000b\000l\000i\000o\000g\000r\000a\000p\000h\000y}{}% 55
